<?xml version="1.0" encoding="UTF-8"?>
<testsuite name="Loguearse en la pagina de prueba" tests="1" skipped="0" failures="0" errors="0" timestamp="2023-01-16T21:24:50" hostname="QV-4555" time="14.571">
  <properties/>
  <testcase name="Login" classname="Loguearse en la pagina de prueba" time="14.571"/>
  <system-out><![CDATA[]]></system-out>
  <system-err><![CDATA[[Test worker] INFO io.cucumber.core.plugin.SerenityReporter - Running feature from file:///C:/Users/QV-4555/Pictures/LoginPomCucumber/src/test/resources/features/login.feature
[Test worker] INFO  - 
  _____   ___   ___   _____     ___   _____     _     ___   _____   ___   ___  
 |_   _| | __| / __| |_   _|   / __| |_   _|   /_\   | _ \ |_   _| | __| |   \ 
   | |   | _|  \__ \   | |     \__ \   | |    / _ \  |   /   | |   | _|  | |) |
   |_|   |___| |___/   |_|     |___/   |_|   /_/ \_\ |_|_\   |_|   |___| |___/ 

Login(loguearse-en-la-pagina-de-prueba;login)
--------------------------------------------------------------------------------
[Test worker] INFO net.thucydides.core.model.TestOutcome - SetUserStory Loguearse en la pagina de prueba
[Test worker] INFO net.thucydides.core.model.TestOutcome - SetUserStory Loguearse en la pagina de prueba
[Test worker] INFO net.serenitybdd.core.webdriver.driverproviders.ChromeDriverProvider - Using automatically driver download
[Test worker] INFO io.github.bonigarcia.wdm.WebDriverManager - Using chromedriver 109.0.5414.74 (resolved driver for Chrome 109)
[Test worker] INFO io.github.bonigarcia.wdm.WebDriverManager - Exporting webdriver.chrome.driver as C:\Users\QV-4555\.cache\selenium\chromedriver\win32\109.0.5414.74\chromedriver.exe
[Test worker] INFO net.serenitybdd.core.webdriver.driverproviders.ProvideNewDriver - Instantiating driver
[Test worker] INFO net.serenitybdd.core.webdriver.driverproviders.ProvideNewDriver - Driver capabilities: Capabilities {acceptInsecureCerts: false, base.url: http://demo.guru99.com/test..., browserName: chrome, chrome.driver: src/test/resources/drivers/..., driver: chrome, goog:chromeOptions: {args: [], extensions: []}, loggingPrefs: org.openqa.selenium.logging..., timeouts.implicitlywait: 2000, wait.for.timeout: 2000}
Starting ChromeDriver 109.0.5414.74 (e7c5703604daa9cc128ccf5a5d3e993513758913-refs/branch-heads/5414@{#1172}) on port 45873
Only local connections are allowed.
Please see https://chromedriver.chromium.org/security-considerations for suggestions on keeping ChromeDriver safe.
ChromeDriver was started successfully.
ene 16, 2023 4:24:55 PM org.openqa.selenium.remote.ProtocolHandshake createSession
INFORMACIÓN: Detected dialect: W3C
[Test worker] INFO  - 
  _____   ___   ___   _____     ___     _     ___   ___   ___   ___  
 |_   _| | __| / __| |_   _|   | _ \   /_\   / __| / __| | __| |   \ 
   | |   | _|  \__ \   | |     |  _/  / _ \  \__ \ \__ \ | _|  | |) |
   |_|   |___| |___/   |_|     |_|   /_/ \_\ |___/ |___/ |___| |___/ 

Login
----------------------------------------------------------------------
]]></system-err>
</testsuite>
